04/06/23 23:25:59 ******************************************************
04/06/23 23:25:59 ** condor_scheduniv_exec.63.0 (CONDOR_DAGMAN) STARTING UP
04/06/23 23:25:59 ** C:\condor\bin\condor_dagman.exe
04/06/23 23:25:59 ** SubsystemInfo: name=DAGMAN type=DAGMAN(9) class=CLIENT(2)
04/06/23 23:25:59 ** Configuration: subsystem:DAGMAN local:<NONE> class:CLIENT
04/06/23 23:25:59 ** $CondorVersion: 10.3.1 2023-Mar-06 BuildID: 632991 $
04/06/23 23:25:59 ** $CondorPlatform: x86_64_Windows10 $
04/06/23 23:25:59 ** PID = 11284
04/06/23 23:25:59 ** Log last touched time unavailable (No such file or directory)
04/06/23 23:25:59 ******************************************************
04/06/23 23:25:59 Using config source: C:\condor\condor_config
04/06/23 23:25:59 Using local config sources: 
04/06/23 23:25:59    C:\condor\condor_config.local
04/06/23 23:25:59 config Macros = 56, Sorted = 55, StringBytes = 1317, TablesBytes = 2064
04/06/23 23:25:59 CLASSAD_CACHING is ENABLED
04/06/23 23:25:59 Daemon Log is logging: D_ALWAYS D_ERROR D_STATUS
04/06/23 23:25:59 DaemonCore: No command port requested.
04/06/23 23:25:59 DAGMAN_USE_STRICT setting: 1
04/06/23 23:25:59 DAGMAN_VERBOSITY setting: 3
04/06/23 23:25:59 DAGMAN_DEBUG_CACHE_SIZE setting: 5242880
04/06/23 23:25:59 DAGMAN_DEBUG_CACHE_ENABLE setting: False
04/06/23 23:25:59 DAGMAN_SUBMIT_DELAY setting: 0
04/06/23 23:25:59 DAGMAN_MAX_SUBMIT_ATTEMPTS setting: 6
04/06/23 23:25:59 DAGMAN_STARTUP_CYCLE_DETECT setting: False
04/06/23 23:25:59 DAGMAN_MAX_SUBMITS_PER_INTERVAL setting: 100
04/06/23 23:25:59 DAGMAN_AGGRESSIVE_SUBMIT setting: False
04/06/23 23:25:59 DAGMAN_USER_LOG_SCAN_INTERVAL setting: 5
04/06/23 23:25:59 DAGMAN_QUEUE_UPDATE_INTERVAL setting: 300
04/06/23 23:25:59 DAGMAN_DEFAULT_PRIORITY setting: 0
04/06/23 23:25:59 DAGMAN_SUPPRESS_NOTIFICATION setting: True
04/06/23 23:25:59 allow_events (DAGMAN_ALLOW_EVENTS) setting: 114
04/06/23 23:25:59 DAGMAN_RETRY_SUBMIT_FIRST setting: True
04/06/23 23:25:59 DAGMAN_RETRY_NODE_FIRST setting: False
04/06/23 23:25:59 DAGMAN_MAX_JOBS_IDLE setting: 1000
04/06/23 23:25:59 DAGMAN_MAX_JOBS_SUBMITTED setting: 0
04/06/23 23:25:59 DAGMAN_MAX_PRE_SCRIPTS setting: 20
04/06/23 23:25:59 DAGMAN_MAX_POST_SCRIPTS setting: 20
04/06/23 23:25:59 DAGMAN_MAX_HOLD_SCRIPTS setting: 20
04/06/23 23:25:59 DAGMAN_MUNGE_NODE_NAMES setting: True
04/06/23 23:25:59 DAGMAN_PROHIBIT_MULTI_JOBS setting: False
04/06/23 23:25:59 DAGMAN_SUBMIT_DEPTH_FIRST setting: False
04/06/23 23:25:59 DAGMAN_ALWAYS_RUN_POST setting: False
04/06/23 23:25:59 DAGMAN_CONDOR_SUBMIT_EXE setting: C:\condor\bin\condor_submit.exe
04/06/23 23:25:59 DAGMAN_USE_DIRECT_SUBMIT setting: True
04/06/23 23:25:59 DAGMAN_DEFAULT_APPEND_VARS setting: False
04/06/23 23:25:59 DAGMAN_ABORT_DUPLICATES setting: True
04/06/23 23:25:59 DAGMAN_ABORT_ON_SCARY_SUBMIT setting: True
04/06/23 23:25:59 DAGMAN_PENDING_REPORT_INTERVAL setting: 600
04/06/23 23:25:59 DAGMAN_AUTO_RESCUE setting: True
04/06/23 23:25:59 DAGMAN_MAX_RESCUE_NUM setting: 100
04/06/23 23:25:59 DAGMAN_WRITE_PARTIAL_RESCUE setting: True
04/06/23 23:25:59 DAGMAN_DEFAULT_NODE_LOG setting: @(DAG_DIR)\@(DAG_FILE).nodes.log
04/06/23 23:25:59 DAGMAN_GENERATE_SUBDAG_SUBMITS setting: True
04/06/23 23:25:59 DAGMAN_MAX_JOB_HOLDS setting: 100
04/06/23 23:25:59 DAGMAN_HOLD_CLAIM_TIME setting: 20
04/06/23 23:25:59 ALL_DEBUG setting: 
04/06/23 23:25:59 DAGMAN_DEBUG setting: 
04/06/23 23:25:59 DAGMAN_SUPPRESS_JOB_LOGS setting: False
04/06/23 23:25:59 DAGMAN_REMOVE_NODE_JOBS setting: True
04/06/23 23:25:59 DAGMAN will adjust edges after parsing
04/06/23 23:25:59 argv[0] == "condor_scheduniv_exec.63.0"
04/06/23 23:25:59 argv[1] == "-Lockfile"
04/06/23 23:25:59 argv[2] == "assignment_1.dag.lock"
04/06/23 23:25:59 argv[3] == "-AutoRescue"
04/06/23 23:25:59 argv[4] == "1"
04/06/23 23:25:59 argv[5] == "-DoRescueFrom"
04/06/23 23:25:59 argv[6] == "0"
04/06/23 23:25:59 argv[7] == "-Dag"
04/06/23 23:25:59 argv[8] == "assignment_1.dag"
04/06/23 23:25:59 argv[9] == "-Suppress_notification"
04/06/23 23:25:59 argv[10] == "-CsdVersion"
04/06/23 23:25:59 argv[11] == "$CondorVersion: 10.3.1 2023-Mar-06 BuildID: 632991 $"
04/06/23 23:25:59 argv[12] == "-Dagman"
04/06/23 23:25:59 argv[13] == "C:\condor\bin\condor_dagman.exe"
04/06/23 23:25:59 Workflow batch-id: <63.0>
04/06/23 23:25:59 Workflow batch-name: <assignment_1.dag+63>
04/06/23 23:25:59 Workflow accounting_group: <>
04/06/23 23:25:59 Workflow accounting_group_user: <>
04/06/23 23:26:00 Warning: failed to get attribute DAGNodeName
04/06/23 23:26:00 DAGMAN_LOG_ON_NFS_IS_ERROR setting: False
04/06/23 23:26:00 Default node log file is: <D:\Facultate\An4_Sem2\PDC\Ass\.\assignment_1.dag.nodes.log>
04/06/23 23:26:00 DAG Lockfile will be written to assignment_1.dag.lock
04/06/23 23:26:00 DAG Input file is assignment_1.dag
04/06/23 23:26:00 Parsing 1 dagfiles
04/06/23 23:26:00 Parsing assignment_1.dag ...
04/06/23 23:26:00 Adjusting edges
04/06/23 23:26:00 Dag contains 3 total jobs
04/06/23 23:26:00 Warning: ProcessId not confirmed unique
04/06/23 23:26:00 Bootstrapping...
04/06/23 23:26:00 Number of pre-completed nodes: 0
04/06/23 23:26:00 MultiLogFiles: truncating log file D:\Facultate\An4_Sem2\PDC\Ass\.\assignment_1.dag.nodes.log
04/06/23 23:26:00 DAG status: 0 (DAG_STATUS_OK)
04/06/23 23:26:00 Of 3 nodes total:
04/06/23 23:26:00  Done     Pre   Queued    Post   Ready   Un-Ready   Failed   Futile
04/06/23 23:26:00   ===     ===      ===     ===     ===        ===      ===      ===
04/06/23 23:26:00     0       0        0       0       1          2        0        0
04/06/23 23:26:00 0 job proc(s) currently held
04/06/23 23:26:00 DAGMan Runtime Statistics: [ EventCycleTimeCount = 0.0; EventCycleTimeSum = 0.0; LogProcessCycleTimeCount = 0.0; LogProcessCycleTimeSum = 0.0; SleepCycleTimeCount = 0.0; SleepCycleTimeSum = 0.0; SubmitCycleTimeCount = 0.0; SubmitCycleTimeSum = 0.0; ]
04/06/23 23:26:00 Registering condor_event_timer...
04/06/23 23:26:01 Submitting HTCondor Node Setup job(s)...
04/06/23 23:26:01 Submitting node Setup from file setup.sub using direct job submission
04/06/23 23:26:01 	assigned HTCondor ID (64.0.0)
04/06/23 23:26:01 Just submitted 1 job this cycle...
04/06/23 23:26:01 DAG status: 0 (DAG_STATUS_OK)
04/06/23 23:26:01 Of 3 nodes total:
04/06/23 23:26:01  Done     Pre   Queued    Post   Ready   Un-Ready   Failed   Futile
04/06/23 23:26:01   ===     ===      ===     ===     ===        ===      ===      ===
04/06/23 23:26:01     0       0        1       0       0          2        0        0
04/06/23 23:26:01 0 job proc(s) currently held
04/06/23 23:26:01 DAGMan Runtime Statistics: [ EventCycleTimeCount = 0.0; EventCycleTimeSum = 0.0; LogProcessCycleTimeCount = 0.0; LogProcessCycleTimeSum = 0.0; SleepCycleTimeCount = 0.0; SleepCycleTimeSum = 0.0; SubmitCycleTimeAvg = 0.02256178855895996; SubmitCycleTimeCount = 1.0; SubmitCycleTimeMax = 0.02256178855895996; SubmitCycleTimeMin = 0.02256178855895996; SubmitCycleTimeStd = 0.02256178855895996; SubmitCycleTimeSum = 0.02256178855895996; ]
04/06/23 23:26:06 Currently monitoring 1 HTCondor log file(s)
04/06/23 23:26:06 Reassigning the id of job Setup from (64.0.0) to (64.0.0)
04/06/23 23:26:06 Event: ULOG_SUBMIT for HTCondor Node Setup (64.0.0) {04/06/23 23:26:01}
04/06/23 23:26:06 Number of idle job procs: 1
04/06/23 23:26:21 Currently monitoring 1 HTCondor log file(s)
04/06/23 23:26:21 Event: ULOG_EXECUTE for HTCondor Node Setup (64.0.0) {04/06/23 23:26:20}
04/06/23 23:26:21 Number of idle job procs: 0
04/06/23 23:26:21 Event: ULOG_JOB_TERMINATED for HTCondor Node Setup (64.0.0) {04/06/23 23:26:21}
04/06/23 23:26:21 Number of idle job procs: 0
04/06/23 23:26:21 Node Setup job proc (64.0.0) completed successfully.
04/06/23 23:26:21 Node Setup job completed
04/06/23 23:26:21 DAG status: 0 (DAG_STATUS_OK)
04/06/23 23:26:21 Of 3 nodes total:
04/06/23 23:26:21  Done     Pre   Queued    Post   Ready   Un-Ready   Failed   Futile
04/06/23 23:26:21   ===     ===      ===     ===     ===        ===      ===      ===
04/06/23 23:26:21     1       0        0       0       1          1        0        0
04/06/23 23:26:21 0 job proc(s) currently held
04/06/23 23:26:21 DAGMan Runtime Statistics: [ EventCycleTimeAvg = 0.006021738052368164; EventCycleTimeCount = 4.0; EventCycleTimeMax = 0.02285885810852051; EventCycleTimeMin = 0.0001950263977050781; EventCycleTimeStd = 0.01122848549723977; EventCycleTimeSum = 0.02408695220947266; LogProcessCycleTimeAvg = 0.0005820989608764648; LogProcessCycleTimeCount = 2.0; LogProcessCycleTimeMax = 0.0006182193756103516; LogProcessCycleTimeMin = 0.0005459785461425781; LogProcessCycleTimeStd = 5.108198039520357E-05; LogProcessCycleTimeSum = 0.00116419792175293; SleepCycleTimeAvg = 5.007968962192535; SleepCycleTimeCount = 4.0; SleepCycleTimeMax = 5.012603044509888; SleepCycleTimeMin = 5.002660036087036; SleepCycleTimeStd = 0.004781385660534751; SleepCycleTimeSum = 20.03187584877014; SubmitCycleTimeAvg = 0.004571962356567383; SubmitCycleTimeCount = 5.0; SubmitCycleTimeMax = 0.02256178855895996; SubmitCycleTimeMin = 3.504753112792969E-05; SubmitCycleTimeStd = 0.01005664479203668; SubmitCycleTimeSum = 0.02285981178283691; ]
04/06/23 23:26:26 Submitting HTCondor Node Process job(s)...
04/06/23 23:26:26 Submitting node Process from file histogram.sub using direct job submission
04/06/23 23:26:26 	assigned HTCondor ID (65.0.0)
04/06/23 23:26:26 Just submitted 1 job this cycle...
04/06/23 23:26:26 DAG status: 0 (DAG_STATUS_OK)
04/06/23 23:26:26 Of 3 nodes total:
04/06/23 23:26:26  Done     Pre   Queued    Post   Ready   Un-Ready   Failed   Futile
04/06/23 23:26:26   ===     ===      ===     ===     ===        ===      ===      ===
04/06/23 23:26:26     1       0        1       0       0          1        0        0
04/06/23 23:26:26 0 job proc(s) currently held
04/06/23 23:26:26 DAGMan Runtime Statistics: [ EventCycleTimeAvg = 0.005006599426269531; EventCycleTimeCount = 5.0; EventCycleTimeMax = 0.02285885810852051; EventCycleTimeMin = 0.0001950263977050781; EventCycleTimeStd = 0.00998557444878761; EventCycleTimeSum = 0.02503299713134766; LogProcessCycleTimeAvg = 0.0005820989608764648; LogProcessCycleTimeCount = 2.0; LogProcessCycleTimeMax = 0.0006182193756103516; LogProcessCycleTimeMin = 0.0005459785461425781; LogProcessCycleTimeStd = 5.108198039520357E-05; LogProcessCycleTimeSum = 0.00116419792175293; SleepCycleTimeAvg = 5.006498003005982; SleepCycleTimeCount = 5.0; SleepCycleTimeMax = 5.012603044509888; SleepCycleTimeMin = 5.000614166259766; SleepCycleTimeStd = 0.005288179390468019; SleepCycleTimeSum = 25.03249001502991; SubmitCycleTimeAvg = 0.01396596431732178; SubmitCycleTimeCount = 6.0; SubmitCycleTimeMax = 0.06093597412109375; SubmitCycleTimeMin = 3.504753112792969E-05; SubmitCycleTimeStd = 0.02470612314003359; SubmitCycleTimeSum = 0.08379578590393066; ]
04/06/23 23:26:31 Currently monitoring 1 HTCondor log file(s)
04/06/23 23:26:31 Reassigning the id of job Process from (65.0.0) to (65.0.0)
04/06/23 23:26:31 Event: ULOG_SUBMIT for HTCondor Node Process (65.0.0) {04/06/23 23:26:26}
04/06/23 23:26:31 Number of idle job procs: 1
04/06/23 23:26:31 Reassigning the id of job Process from (65.0.0) to (65.1.0)
04/06/23 23:26:31 Event: ULOG_SUBMIT for HTCondor Node Process (65.1.0) {04/06/23 23:26:26}
04/06/23 23:26:31 Number of idle job procs: 2
04/06/23 23:26:31 Reassigning the id of job Process from (65.1.0) to (65.2.0)
04/06/23 23:26:31 Event: ULOG_SUBMIT for HTCondor Node Process (65.2.0) {04/06/23 23:26:26}
04/06/23 23:26:31 Number of idle job procs: 3
04/06/23 23:26:31 Reassigning the id of job Process from (65.2.0) to (65.3.0)
04/06/23 23:26:31 Event: ULOG_SUBMIT for HTCondor Node Process (65.3.0) {04/06/23 23:26:26}
04/06/23 23:26:31 Number of idle job procs: 4
04/06/23 23:26:31 Reassigning the id of job Process from (65.3.0) to (65.4.0)
04/06/23 23:26:31 Event: ULOG_SUBMIT for HTCondor Node Process (65.4.0) {04/06/23 23:26:26}
04/06/23 23:26:31 Number of idle job procs: 5
04/06/23 23:26:31 Event: ULOG_EXECUTE for HTCondor Node Process (65.0.0) {04/06/23 23:26:27}
04/06/23 23:26:31 Number of idle job procs: 4
04/06/23 23:26:31 Event: ULOG_JOB_TERMINATED for HTCondor Node Process (65.0.0) {04/06/23 23:26:28}
04/06/23 23:26:31 Number of idle job procs: 4
04/06/23 23:26:31 Node Process job proc (65.0.0) completed successfully.
04/06/23 23:26:31 Event: ULOG_EXECUTE for HTCondor Node Process (65.1.0) {04/06/23 23:26:30}
04/06/23 23:26:31 Number of idle job procs: 3
04/06/23 23:26:31 Event: ULOG_JOB_TERMINATED for HTCondor Node Process (65.1.0) {04/06/23 23:26:30}
04/06/23 23:26:31 Number of idle job procs: 3
04/06/23 23:26:31 Node Process job proc (65.1.0) completed successfully.
04/06/23 23:26:36 Currently monitoring 1 HTCondor log file(s)
04/06/23 23:26:36 Event: ULOG_EXECUTE for HTCondor Node Process (65.2.0) {04/06/23 23:26:33}
04/06/23 23:26:36 Number of idle job procs: 2
04/06/23 23:26:36 Event: ULOG_JOB_TERMINATED for HTCondor Node Process (65.2.0) {04/06/23 23:26:33}
04/06/23 23:26:36 Number of idle job procs: 2
04/06/23 23:26:36 Node Process job proc (65.2.0) completed successfully.
04/06/23 23:26:36 Event: ULOG_EXECUTE for HTCondor Node Process (65.3.0) {04/06/23 23:26:35}
04/06/23 23:26:36 Number of idle job procs: 1
04/06/23 23:26:36 Event: ULOG_JOB_TERMINATED for HTCondor Node Process (65.3.0) {04/06/23 23:26:36}
04/06/23 23:26:36 Number of idle job procs: 1
04/06/23 23:26:36 Node Process job proc (65.3.0) completed successfully.
04/06/23 23:26:41 Currently monitoring 1 HTCondor log file(s)
04/06/23 23:26:41 Event: ULOG_EXECUTE for HTCondor Node Process (65.4.0) {04/06/23 23:26:38}
04/06/23 23:26:41 Number of idle job procs: 0
04/06/23 23:26:41 Event: ULOG_JOB_TERMINATED for HTCondor Node Process (65.4.0) {04/06/23 23:26:38}
04/06/23 23:26:41 Number of idle job procs: 0
04/06/23 23:26:41 Node Process job proc (65.4.0) completed successfully.
04/06/23 23:26:41 Node Process job completed
04/06/23 23:26:41 DAG status: 0 (DAG_STATUS_OK)
04/06/23 23:26:41 Of 3 nodes total:
04/06/23 23:26:41  Done     Pre   Queued    Post   Ready   Un-Ready   Failed   Futile
04/06/23 23:26:41   ===     ===      ===     ===     ===        ===      ===      ===
04/06/23 23:26:41     2       0        0       0       1          0        0        0
04/06/23 23:26:41 0 job proc(s) currently held
04/06/23 23:26:41 DAGMan Runtime Statistics: [ EventCycleTimeAvg = 0.01100137829780579; EventCycleTimeCount = 8.0; EventCycleTimeMax = 0.06123590469360352; EventCycleTimeMin = 0.0001950263977050781; EventCycleTimeStd = 0.02173647729668618; EventCycleTimeSum = 0.08801102638244629; LogProcessCycleTimeAvg = 0.0006526470184326172; LogProcessCycleTimeCount = 5.0; LogProcessCycleTimeMax = 0.0008981227874755859; LogProcessCycleTimeMin = 0.0005459785461425781; LogProcessCycleTimeStd = 0.0001404921407095723; LogProcessCycleTimeSum = 0.003263235092163086; SleepCycleTimeAvg = 5.006358474493027; SleepCycleTimeCount = 8.0; SleepCycleTimeMax = 5.012993812561035; SleepCycleTimeMin = 5.000614166259766; SleepCycleTimeStd = 0.005111487874432195; SleepCycleTimeSum = 40.05086779594421; SubmitCycleTimeAvg = 0.00933429929945204; SubmitCycleTimeCount = 9.0; SubmitCycleTimeMax = 0.06093597412109375; SubmitCycleTimeMin = 3.504753112792969E-05; SubmitCycleTimeStd = 0.02073073960510794; SubmitCycleTimeSum = 0.08400869369506836; ]
04/06/23 23:26:46 Submitting HTCondor Node GatherResults job(s)...
04/06/23 23:26:46 Submitting node GatherResults from file gather_results.sub using direct job submission
04/06/23 23:26:46 	assigned HTCondor ID (66.0.0)
04/06/23 23:26:46 Just submitted 1 job this cycle...
04/06/23 23:26:46 DAG status: 0 (DAG_STATUS_OK)
04/06/23 23:26:46 Of 3 nodes total:
04/06/23 23:26:46  Done     Pre   Queued    Post   Ready   Un-Ready   Failed   Futile
04/06/23 23:26:46   ===     ===      ===     ===     ===        ===      ===      ===
04/06/23 23:26:46     2       0        1       0       0          0        0        0
04/06/23 23:26:46 0 job proc(s) currently held
04/06/23 23:26:46 DAGMan Runtime Statistics: [ EventCycleTimeAvg = 0.009910239113701714; EventCycleTimeCount = 9.0; EventCycleTimeMax = 0.06123590469360352; EventCycleTimeMin = 0.0001950263977050781; EventCycleTimeStd = 0.02059442648102807; EventCycleTimeSum = 0.08919215202331543; LogProcessCycleTimeAvg = 0.0006526470184326172; LogProcessCycleTimeCount = 5.0; LogProcessCycleTimeMax = 0.0008981227874755859; LogProcessCycleTimeMin = 0.0005459785461425781; LogProcessCycleTimeStd = 0.0001404921407095723; LogProcessCycleTimeSum = 0.003263235092163086; SleepCycleTimeAvg = 5.007043626573351; SleepCycleTimeCount = 9.0; SleepCycleTimeMax = 5.012993812561035; SleepCycleTimeMin = 5.000614166259766; SleepCycleTimeStd = 0.005204449549093333; SleepCycleTimeSum = 45.06339263916016; SubmitCycleTimeAvg = 0.01151328086853027; SubmitCycleTimeCount = 10.0; SubmitCycleTimeMax = 0.06093597412109375; SubmitCycleTimeMin = 3.504753112792969E-05; SubmitCycleTimeStd = 0.02072418066374737; SubmitCycleTimeSum = 0.1151328086853027; ]
04/06/23 23:26:51 Currently monitoring 1 HTCondor log file(s)
04/06/23 23:26:51 Reassigning the id of job GatherResults from (66.0.0) to (66.0.0)
04/06/23 23:26:51 Event: ULOG_SUBMIT for HTCondor Node GatherResults (66.0.0) {04/06/23 23:26:46}
04/06/23 23:26:51 Number of idle job procs: 1
04/06/23 23:26:51 Event: ULOG_EXECUTE for HTCondor Node GatherResults (66.0.0) {04/06/23 23:26:47}
04/06/23 23:26:51 Number of idle job procs: 0
04/06/23 23:26:51 Event: ULOG_JOB_TERMINATED for HTCondor Node GatherResults (66.0.0) {04/06/23 23:26:48}
04/06/23 23:26:51 Number of idle job procs: 0
04/06/23 23:26:51 Node GatherResults job proc (66.0.0) completed successfully.
04/06/23 23:26:51 Node GatherResults job completed
04/06/23 23:26:51 DAG status: 0 (DAG_STATUS_OK)
04/06/23 23:26:51 Of 3 nodes total:
04/06/23 23:26:51  Done     Pre   Queued    Post   Ready   Un-Ready   Failed   Futile
04/06/23 23:26:51   ===     ===      ===     ===     ===        ===      ===      ===
04/06/23 23:26:51     3       0        0       0       0          0        0        0
04/06/23 23:26:51 0 job proc(s) currently held
04/06/23 23:26:51 DAGMan Runtime Statistics: [ EventCycleTimeAvg = 0.01206841468811035; EventCycleTimeCount = 10.0; EventCycleTimeMax = 0.06123590469360352; EventCycleTimeMin = 0.0001950263977050781; EventCycleTimeStd = 0.02058110832658983; EventCycleTimeSum = 0.1206841468811035; LogProcessCycleTimeAvg = 0.0007319053014119467; LogProcessCycleTimeCount = 6.0; LogProcessCycleTimeMax = 0.001128196716308594; LogProcessCycleTimeMin = 0.0005459785461425781; LogProcessCycleTimeStd = 0.0002312610771528909; LogProcessCycleTimeSum = 0.00439143180847168; SleepCycleTimeAvg = 5.006552767753601; SleepCycleTimeCount = 10.0; SleepCycleTimeMax = 5.012993812561035; SleepCycleTimeMin = 5.000614166259766; SleepCycleTimeStd = 0.005146467776513464; SleepCycleTimeSum = 50.06552767753601; SubmitCycleTimeAvg = 0.01047453013333407; SubmitCycleTimeCount = 11.0; SubmitCycleTimeMax = 0.06093597412109375; SubmitCycleTimeMin = 3.504753112792969E-05; SubmitCycleTimeStd = 0.01996024878987869; SubmitCycleTimeSum = 0.1152198314666748; ]
04/06/23 23:26:51 All jobs Completed!
04/06/23 23:26:51 Note: 0 total job deferrals because of -MaxJobs limit (0)
04/06/23 23:26:51 Note: 0 total job deferrals because of -MaxIdle limit (1000)
04/06/23 23:26:51 Note: 0 total job deferrals because of node category throttles
04/06/23 23:26:51 Note: 0 total PRE script deferrals because of -MaxPre limit (20) or DEFER
04/06/23 23:26:51 Note: 0 total POST script deferrals because of -MaxPost limit (20) or DEFER
04/06/23 23:26:51 Note: 0 total HOLD script deferrals because of -MaxHold limit (20) or DEFER
04/06/23 23:26:51 DAG status: 0 (DAG_STATUS_OK)
04/06/23 23:26:51 Of 3 nodes total:
04/06/23 23:26:51  Done     Pre   Queued    Post   Ready   Un-Ready   Failed   Futile
04/06/23 23:26:51   ===     ===      ===     ===     ===        ===      ===      ===
04/06/23 23:26:51     3       0        0       0       0          0        0        0
04/06/23 23:26:51 0 job proc(s) currently held
04/06/23 23:26:51 DAGMan Runtime Statistics: [ EventCycleTimeAvg = 0.01206841468811035; EventCycleTimeCount = 10.0; EventCycleTimeMax = 0.06123590469360352; EventCycleTimeMin = 0.0001950263977050781; EventCycleTimeStd = 0.02058110832658983; EventCycleTimeSum = 0.1206841468811035; LogProcessCycleTimeAvg = 0.0007319053014119467; LogProcessCycleTimeCount = 6.0; LogProcessCycleTimeMax = 0.001128196716308594; LogProcessCycleTimeMin = 0.0005459785461425781; LogProcessCycleTimeStd = 0.0002312610771528909; LogProcessCycleTimeSum = 0.00439143180847168; SleepCycleTimeAvg = 5.006552767753601; SleepCycleTimeCount = 10.0; SleepCycleTimeMax = 5.012993812561035; SleepCycleTimeMin = 5.000614166259766; SleepCycleTimeStd = 0.005146467776513464; SleepCycleTimeSum = 50.06552767753601; SubmitCycleTimeAvg = 0.01047453013333407; SubmitCycleTimeCount = 11.0; SubmitCycleTimeMax = 0.06093597412109375; SubmitCycleTimeMin = 3.504753112792969E-05; SubmitCycleTimeStd = 0.01996024878987869; SubmitCycleTimeSum = 0.1152198314666748; ]
04/06/23 23:26:51 Wrote metrics file assignment_1.dag.metrics.
04/06/23 23:26:51 DAGMan Runtime Statistics: [ EventCycleTimeAvg = 0.01206841468811035; EventCycleTimeCount = 10.0; EventCycleTimeMax = 0.06123590469360352; EventCycleTimeMin = 0.0001950263977050781; EventCycleTimeStd = 0.02058110832658983; EventCycleTimeSum = 0.1206841468811035; LogProcessCycleTimeAvg = 0.0007319053014119467; LogProcessCycleTimeCount = 6.0; LogProcessCycleTimeMax = 0.001128196716308594; LogProcessCycleTimeMin = 0.0005459785461425781; LogProcessCycleTimeStd = 0.0002312610771528909; LogProcessCycleTimeSum = 0.00439143180847168; SleepCycleTimeAvg = 5.006552767753601; SleepCycleTimeCount = 10.0; SleepCycleTimeMax = 5.012993812561035; SleepCycleTimeMin = 5.000614166259766; SleepCycleTimeStd = 0.005146467776513464; SleepCycleTimeSum = 50.06552767753601; SubmitCycleTimeAvg = 0.01047453013333407; SubmitCycleTimeCount = 11.0; SubmitCycleTimeMax = 0.06093597412109375; SubmitCycleTimeMin = 3.504753112792969E-05; SubmitCycleTimeStd = 0.01996024878987869; SubmitCycleTimeSum = 0.1152198314666748; ]
04/06/23 23:26:51 **** condor_scheduniv_exec.63.0 (condor_DAGMAN) pid 11284 EXITING WITH STATUS 0
